Base path: 'C:/Program Files/Unity/Hub/Editor/2019.4.12f1/Editor/Data', plugins path 'C:/Program Files/Unity/Hub/Editor/2019.4.12f1/Editor/Data/PlaybackEngines'
Cmd: initializeCompiler
Cmd: compileSnippet
  error: 1 plat 4 at (461): implicit truncation of vector type\nCompiling Fragment program with INSTANCING_ON _MAIN_LIGHT_SHADOWS _ADDITIONAL_LIGHTS
Platform defines: UNITY_NO_DXT5nm UNITY_ENABLE_REFLECTION_BUFFERS UNITY_NO_SCREENSPACE_SHADOWS UNITY_PBS_USE_BRDF2 SHADER_API_DESKTOP UNITY_COLORSPACE_GAMMA UNITY_LIGHTMAP_DLDR_ENCODING
  api=4 type=1 insize=22780 outsize=6026 kw=INSTANCING_ON _MAIN_LIGHT_SHADOWS _ADDITIONAL_LIGHTS pd=UNITY_NO_DXT5nm UNITY_ENABLE_REFLECTION_BUFFERS UNITY_NO_SCREENSPACE_SHADOWS UNITY_PBS_USE_BRDF2 SHADER_API_DESKTOP UNITY_COLORSPACE_GAMMA UNITY_LIGHTMAP_DLDR_ENCODING ok=1
Cmd: compileSnippet
  api=4 type=0 insize=2364 outsize=1886 kw=_MAIN_LIGHT_SHADOWS pd=UNITY_NO_DXT5nm UNITY_ENABLE_REFLECTION_BUFFERS UNITY_NO_SCREENSPACE_SHADOWS UNITY_PBS_USE_BRDF2 SHADER_API_DESKTOP UNITY_COLORSPACE_GAMMA UNITY_LIGHTMAP_DLDR_ENCODING ok=1
Cmd: compileSnippet
  api=4 type=0 insize=2696 outsize=738 kw=_ALPHATEST_ON pd=UNITY_NO_DXT5nm UNITY_ENABLE_REFLECTION_BUFFERS UNITY_NO_SCREENSPACE_SHADOWS UNITY_PBS_USE_BRDF2 SHADER_API_DESKTOP UNITY_COLORSPACE_GAMMA UNITY_LIGHTMAP_DLDR_ENCODING ok=1
Cmd: initializeCompiler
Cmd: compileComputeKernel
  api=4 insize=1372 outsize=678 ok=1
Cmd: translateComputeKernel
  api=14 insize=1490 outsize=1423 ok=1
Cmd: compileComputeKernel
  api=4 insize=1165 outsize=1319 ok=1
Cmd: compileComputeKernel
  api=4 insize=9103 outsize=2745 ok=1
Cmd: compileComputeKernel
  error: 1 plat 14 at Packages/com.unity.render-pipelines.core/ShaderLibrary/Common.hlsl(1028): conversion from larger type to smaller, possible loss of data
  error: 1 plat 14 at Packages/com.unity.render-pipelines.core/ShaderLibrary/Packing.hlsl(127): conversion from larger type to smaller, possible loss of data
  error: 1 plat 14 at Packages/com.unity.render-pipelines.core/ShaderLibrary/Packing.hlsl(128): conversion from larger type to smaller, possible loss of data
  error: 1 plat 14 at Packages/com.unity.render-pipelines.core/ShaderLibrary/Packing.hlsl(129): conversion from larger type to smaller, possible loss of data
  error: 1 plat 14 at Packages/com.unity.render-pipelines.core/ShaderLibrary/Packing.hlsl(130): conversion from larger type to smaller, possible loss of data
  error: 1 plat 14 at Packages/com.unity.render-pipelines.core/ShaderLibrary/Packing.hlsl(150): conversion from larger type to smaller, possible loss of data
  error: 1 plat 14 at Packages/com.unity.render-pipelines.core/ShaderLibrary/Packing.hlsl(336): conversion from larger type to smaller, possible loss of data
  error: 1 plat 14 at Packages/com.unity.render-pipelines.core/ShaderLibrary/Packing.hlsl(343): conversion from larger type to smaller, possible loss of data
  error: 1 plat 14 at Packages/com.unity.render-pipelines.core/ShaderLibrary/Packing.hlsl(478): conversion from larger type to smaller, possible loss of data
  error: 1 plat 14 at Packages/com.unity.render-pipelines.core/ShaderLibrary/SpaceTransforms.hlsl(176): conversion from larger type to smaller, possible loss of data
  error: 1 plat 14 at Packages/com.unity.render-pipelines.core/ShaderLibrary/SpaceTransforms.hlsl(183): 'TransformWorldToTangent': conversion from larger type to smaller, possible loss of data
  error: 1 plat 14 at Packages/com.unity.render-pipelines.universal/ShaderLibrary/Core.hlsl(79): conversion from larger type to smaller, possible loss of data
  error: 1 plat 14 at Packages/com.unity.render-pipelines.universal/ShaderLibrary/Core.hlsl(81): 'TransformObjectToWorldDir': conversion from larger type to smaller, possible loss of data
  error: 1 plat 14 at Packages/com.unity.render-pipelines.universal/ShaderLibrary/Core.hlsl(82): conversion from larger type to smaller, possible loss of data
  error: 1 plat 14 at Packages/com.unity.render-pipelines.universal/ShaderLibrary/Core.hlsl(113): conversion from larger type to smaller, possible loss of data
  error: 1 plat 14 at Packages/com.unity.render-pipelines.universal/ShaderLibrary/Core.hlsl(171): conversion from larger type to smaller, possible loss of data
  error: 1 plat 14 at Packages/com.unity.render-pipelines.universal/ShaderLibrary/Core.hlsl(177): conversion from larger type to smaller, possible loss of data
  api=14 insize=7281 outsize=4448 ok=1
Cmd: translateComputeKernel
  api=14 insize=4448 outsize=7964 ok=1
Cmd: compileComputeKernel
  error: 1 plat 14 at Packages/com.unity.render-pipelines.core/ShaderLibrary/Common.hlsl(1028): conversion from larger type to smaller, possible loss of data
  error: 1 plat 14 at Packages/com.unity.render-pipelines.core/ShaderLibrary/Packing.hlsl(127): conversion from larger type to smaller, possible loss of data
  error: 1 plat 14 at Packages/com.unity.render-pipelines.core/ShaderLibrary/Packing.hlsl(128): conversion from larger type to smaller, possible loss of data
  error: 1 plat 14 at Packages/com.unity.render-pipelines.core/ShaderLibrary/Packing.hlsl(129): conversion from larger type to smaller, possible loss of data
  error: 1 plat 14 at Packages/com.unity.render-pipelines.core/ShaderLibrary/Packing.hlsl(130): conversion from larger type to smaller, possible loss of data
  error: 1 plat 14 at Packages/com.unity.render-pipelines.core/ShaderLibrary/Packing.hlsl(150): conversion from larger type to smaller, possible loss of data
  error: 1 plat 14 at Packages/com.unity.render-pipelines.core/ShaderLibrary/Packing.hlsl(336): conversion from larger type to smaller, possible loss of data
  error: 1 plat 14 at Packages/com.unity.render-pipelines.core/ShaderLibrary/Packing.hlsl(343): conversion from larger type to smaller, possible loss of data
  error: 1 plat 14 at Packages/com.unity.render-pipelines.core/ShaderLibrary/Packing.hlsl(478): conversion from larger type to smaller, possible loss of data
  error: 1 plat 14 at Packages/com.unity.render-pipelines.core/ShaderLibrary/SpaceTransforms.hlsl(176): conversion from larger type to smaller, possible loss of data
  error: 1 plat 14 at Packages/com.unity.render-pipelines.core/ShaderLibrary/SpaceTransforms.hlsl(183): 'TransformWorldToTangent': conversion from larger type to smaller, possible loss of data
  error: 1 plat 14 at Packages/com.unity.render-pipelines.universal/ShaderLibrary/Core.hlsl(79): conversion from larger type to smaller, possible loss of data
  error: 1 plat 14 at Packages/com.unity.render-pipelines.universal/ShaderLibrary/Core.hlsl(81): 'TransformObjectToWorldDir': conversion from larger type to smaller, possible loss of data
  error: 1 plat 14 at Packages/com.unity.render-pipelines.universal/ShaderLibrary/Core.hlsl(82): conversion from larger type to smaller, possible loss of data
  error: 1 plat 14 at Packages/com.unity.render-pipelines.universal/ShaderLibrary/Core.hlsl(113): conversion from larger type to smaller, possible loss of data
  error: 1 plat 14 at Packages/com.unity.render-pipelines.universal/ShaderLibrary/Core.hlsl(171): conversion from larger type to smaller, possible loss of data
  error: 1 plat 14 at Packages/com.unity.render-pipelines.universal/ShaderLibrary/Core.hlsl(177): conversion from larger type to smaller, possible loss of data
  api=14 insize=9758 outsize=4514 ok=1
Cmd: translateComputeKernel
  api=14 insize=4514 outsize=6648 ok=1
Cmd: compileComputeKernel
  error: 1 plat 14 at Packages/com.unity.render-pipelines.core/ShaderLibrary/Common.hlsl(1028): conversion from larger type to smaller, possible loss of data
  error: 1 plat 14 at Packages/com.unity.render-pipelines.core/ShaderLibrary/Packing.hlsl(127): conversion from larger type to smaller, possible loss of data
  error: 1 plat 14 at Packages/com.unity.render-pipelines.core/ShaderLibrary/Packing.hlsl(128): conversion from larger type to smaller, possible loss of data
  error: 1 plat 14 at Packages/com.unity.render-pipelines.core/ShaderLibrary/Packing.hlsl(129): conversion from larger type to smaller, possible loss of data
  error: 1 plat 14 at Packages/com.unity.render-pipelines.core/ShaderLibrary/Packing.hlsl(130): conversion from larger type to smaller, possible loss of data
  error: 1 plat 14 at Packages/com.unity.render-pipelines.core/ShaderLibrary/Packing.hlsl(150): conversion from larger type to smaller, possible loss of data
  error: 1 plat 14 at Packages/com.unity.render-pipelines.core/ShaderLibrary/Packing.hlsl(336): conversion from larger type to smaller, possible loss of data
  error: 1 plat 14 at Packages/com.unity.render-pipelines.core/ShaderLibrary/Packing.hlsl(343): conversion from larger type to smaller, possible loss of data
  error: 1 plat 14 at Packages/com.unity.render-pipelines.core/ShaderLibrary/Packing.hlsl(478): conversion from larger type to smaller, possible loss of data
  error: 1 plat 14 at Packages/com.unity.render-pipelines.core/ShaderLibrary/SpaceTransforms.hlsl(176): conversion from larger type to smaller, possible loss of data
  error: 1 plat 14 at Packages/com.unity.render-pipelines.core/ShaderLibrary/SpaceTransforms.hlsl(183): 'TransformWorldToTangent': conversion from larger type to smaller, possible loss of data
  error: 1 plat 14 at Packages/com.unity.render-pipelines.universal/ShaderLibrary/Core.hlsl(79): conversion from larger type to smaller, possible loss of data
  error: 1 plat 14 at Packages/com.unity.render-pipelines.universal/ShaderLibrary/Core.hlsl(81): 'TransformObjectToWorldDir': conversion from larger type to smaller, possible loss of data
  error: 1 plat 14 at Packages/com.unity.render-pipelines.universal/ShaderLibrary/Core.hlsl(82): conversion from larger type to smaller, possible loss of data
  error: 1 plat 14 at Packages/com.unity.render-pipelines.universal/ShaderLibrary/Core.hlsl(113): conversion from larger type to smaller, possible loss of data
  error: 1 plat 14 at Packages/com.unity.render-pipelines.universal/ShaderLibrary/Core.hlsl(171): conversion from larger type to smaller, possible loss of data
  error: 1 plat 14 at Packages/com.unity.render-pipelines.universal/ShaderLibrary/Core.hlsl(177): conversion from larger type to smaller, possible loss of data
  api=14 insize=7431 outsize=3043 ok=1
Cmd: translateComputeKernel
  api=14 insize=3043 outsize=5617 ok=1
Cmd: compileComputeKernel
  api=4 insize=9201 outsize=4194 ok=1
Cmd: compileComputeKernel
  api=4 insize=5796 outsize=1390 ok=1
Cmd: compileComputeKernel
  error: 1 plat 14 at Packages/com.unity.render-pipelines.core/ShaderLibrary/Common.hlsl(1028): conversion from larger type to smaller, possible loss of data
  error: 1 plat 14 at Packages/com.unity.render-pipelines.core/ShaderLibrary/Packing.hlsl(127): conversion from larger type to smaller, possible loss of data
  error: 1 plat 14 at Packages/com.unity.render-pipelines.core/ShaderLibrary/Packing.hlsl(128): conversion from larger type to smaller, possible loss of data
  error: 1 plat 14 at Packages/com.unity.render-pipelines.core/ShaderLibrary/Packing.hlsl(129): conversion from larger type to smaller, possible loss of data
  error: 1 plat 14 at Packages/com.unity.render-pipelines.core/ShaderLibrary/Packing.hlsl(130): conversion from larger type to smaller, possible loss of data
  error: 1 plat 14 at Packages/com.unity.render-pipelines.core/ShaderLibrary/Packing.hlsl(150): conversion from larger type to smaller, possible loss of data
  error: 1 plat 14 at Packages/com.unity.render-pipelines.core/ShaderLibrary/Packing.hlsl(336): conversion from larger type to smaller, possible loss of data
  error: 1 plat 14 at Packages/com.unity.render-pipelines.core/ShaderLibrary/Packing.hlsl(343): conversion from larger type to smaller, possible loss of data
  error: 1 plat 14 at Packages/com.unity.render-pipelines.core/ShaderLibrary/Packing.hlsl(478): conversion from larger type to smaller, possible loss of data
  error: 1 plat 14 at Packages/com.unity.render-pipelines.core/ShaderLibrary/SpaceTransforms.hlsl(176): conversion from larger type to smaller, possible loss of data
  error: 1 plat 14 at Packages/com.unity.render-pipelines.core/ShaderLibrary/SpaceTransforms.hlsl(183): 'TransformWorldToTangent': conversion from larger type to smaller, possible loss of data
  error: 1 plat 14 at Packages/com.unity.render-pipelines.universal/ShaderLibrary/Core.hlsl(79): conversion from larger type to smaller, possible loss of data
  error: 1 plat 14 at Packages/com.unity.render-pipelines.universal/ShaderLibrary/Core.hlsl(81): 'TransformObjectToWorldDir': conversion from larger type to smaller, possible loss of data
  error: 1 plat 14 at Packages/com.unity.render-pipelines.universal/ShaderLibrary/Core.hlsl(82): conversion from larger type to smaller, possible loss of data
  error: 1 plat 14 at Packages/com.unity.render-pipelines.universal/ShaderLibrary/Core.hlsl(113): conversion from larger type to smaller, possible loss of data
  error: 1 plat 14 at Packages/com.unity.render-pipelines.universal/ShaderLibrary/Core.hlsl(171): conversion from larger type to smaller, possible loss of data
  error: 1 plat 14 at Packages/com.unity.render-pipelines.universal/ShaderLibrary/Core.hlsl(177): conversion from larger type to smaller, possible loss of data
  api=14 insize=6262 outsize=2664 ok=1
Cmd: translateComputeKernel
  api=14 insize=2664 outsize=4223 ok=1
Cmd: compileComputeKernel
  error: 1 plat 14 at Packages/com.unity.render-pipelines.core/ShaderLibrary/Common.hlsl(1028): conversion from larger type to smaller, possible loss of data
  error: 1 plat 14 at Packages/com.unity.render-pipelines.core/ShaderLibrary/Packing.hlsl(127): conversion from larger type to smaller, possible loss of data
  error: 1 plat 14 at Packages/com.unity.render-pipelines.core/ShaderLibrary/Packing.hlsl(128): conversion from larger type to smaller, possible loss of data
  error: 1 plat 14 at Packages/com.unity.render-pipelines.core/ShaderLibrary/Packing.hlsl(129): conversion from larger type to smaller, possible loss of data
  error: 1 plat 14 at Packages/com.unity.render-pipelines.core/ShaderLibrary/Packing.hlsl(130): conversion from larger type to smaller, possible loss of data
  error: 1 plat 14 at Packages/com.unity.render-pipelines.core/ShaderLibrary/Packing.hlsl(150): conversion from larger type to smaller, possible loss of data
  error: 1 plat 14 at Packages/com.unity.render-pipelines.core/ShaderLibrary/Packing.hlsl(336): conversion from larger type to smaller, possible loss of data
  error: 1 plat 14 at Packages/com.unity.render-pipelines.core/ShaderLibrary/Packing.hlsl(343): conversion from larger type to smaller, possible loss of data
  error: 1 plat 14 at Packages/com.unity.render-pipelines.core/ShaderLibrary/Packing.hlsl(478): conversion from larger type to smaller, possible loss of data
  error: 1 plat 14 at Packages/com.unity.render-pipelines.core/ShaderLibrary/SpaceTransforms.hlsl(176): conversion from larger type to smaller, possible loss of data
  error: 1 plat 14 at Packages/com.unity.render-pipelines.core/ShaderLibrary/SpaceTransforms.hlsl(183): 'TransformWorldToTangent': conversion from larger type to smaller, possible loss of data
  error: 1 plat 14 at Packages/com.unity.render-pipelines.universal/ShaderLibrary/Core.hlsl(79): conversion from larger type to smaller, possible loss of data
  error: 1 plat 14 at Packages/com.unity.render-pipelines.universal/ShaderLibrary/Core.hlsl(81): 'TransformObjectToWorldDir': conversion from larger type to smaller, possible loss of data
  error: 1 plat 14 at Packages/com.unity.render-pipelines.universal/ShaderLibrary/Core.hlsl(82): conversion from larger type to smaller, possible loss of data
  error: 1 plat 14 at Packages/com.unity.render-pipelines.universal/ShaderLibrary/Core.hlsl(113): conversion from larger type to smaller, possible loss of data
  error: 1 plat 14 at Packages/com.unity.render-pipelines.universal/ShaderLibrary/Core.hlsl(171): conversion from larger type to smaller, possible loss of data
  error: 1 plat 14 at Packages/com.unity.render-pipelines.universal/ShaderLibrary/Core.hlsl(177): conversion from larger type to smaller, possible loss of data
  api=14 insize=7109 outsize=3885 ok=1
Cmd: translateComputeKernel
  api=14 insize=3885 outsize=6023 ok=1
Cmd: compileComputeKernel
  api=4 insize=7275 outsize=2922 ok=1
Cmd: compileComputeKernel
  api=4 insize=6631 outsize=1756 ok=1
Cmd: compileComputeKernel
  api=4 insize=7226 outsize=2140 ok=1
Cmd: compileComputeKernel
  error: 1 plat 14 at Packages/com.unity.render-pipelines.core/ShaderLibrary/Common.hlsl(1028): conversion from larger type to smaller, possible loss of data
  error: 1 plat 14 at Packages/com.unity.render-pipelines.core/ShaderLibrary/Packing.hlsl(127): conversion from larger type to smaller, possible loss of data
  error: 1 plat 14 at Packages/com.unity.render-pipelines.core/ShaderLibrary/Packing.hlsl(128): conversion from larger type to smaller, possible loss of data
  error: 1 plat 14 at Packages/com.unity.render-pipelines.core/ShaderLibrary/Packing.hlsl(129): conversion from larger type to smaller, possible loss of data
  error: 1 plat 14 at Packages/com.unity.render-pipelines.core/ShaderLibrary/Packing.hlsl(130): conversion from larger type to smaller, possible loss of data
  error: 1 plat 14 at Packages/com.unity.render-pipelines.core/ShaderLibrary/Packing.hlsl(150): conversion from larger type to smaller, possible loss of data
  error: 1 plat 14 at Packages/com.unity.render-pipelines.core/ShaderLibrary/Packing.hlsl(336): conversion from larger type to smaller, possible loss of data
  error: 1 plat 14 at Packages/com.unity.render-pipelines.core/ShaderLibrary/Packing.hlsl(343): conversion from larger type to smaller, possible loss of data
  error: 1 plat 14 at Packages/com.unity.render-pipelines.core/ShaderLibrary/Packing.hlsl(478): conversion from larger type to smaller, possible loss of data
  error: 1 plat 14 at Packages/com.unity.render-pipelines.core/ShaderLibrary/SpaceTransforms.hlsl(176): conversion from larger type to smaller, possible loss of data
  error: 1 plat 14 at Packages/com.unity.render-pipelines.core/ShaderLibrary/SpaceTransforms.hlsl(183): 'TransformWorldToTangent': conversion from larger type to smaller, possible loss of data
  error: 1 plat 14 at Packages/com.unity.render-pipelines.universal/ShaderLibrary/Core.hlsl(79): conversion from larger type to smaller, possible loss of data
  error: 1 plat 14 at Packages/com.unity.render-pipelines.universal/ShaderLibrary/Core.hlsl(81): 'TransformObjectToWorldDir': conversion from larger type to smaller, possible loss of data
  error: 1 plat 14 at Packages/com.unity.render-pipelines.universal/ShaderLibrary/Core.hlsl(82): conversion from larger type to smaller, possible loss of data
  error: 1 plat 14 at Packages/com.unity.render-pipelines.universal/ShaderLibrary/Core.hlsl(113): conversion from larger type to smaller, possible loss of data
  error: 1 plat 14 at Packages/com.unity.render-pipelines.universal/ShaderLibrary/Core.hlsl(171): conversion from larger type to smaller, possible loss of data
  error: 1 plat 14 at Packages/com.unity.render-pipelines.universal/ShaderLibrary/Core.hlsl(177): conversion from larger type to smaller, possible loss of data
  api=14 insize=5794 outsize=2458 ok=1
Cmd: translateComputeKernel
  api=14 insize=2458 outsize=3834 ok=1
Cmd: compileSnippet
  api=4 type=1 insize=19404 outsize=346 kw= pd=UNITY_NO_DXT5nm UNITY_ENABLE_REFLECTION_BUFFERS UNITY_NO_SCREENSPACE_SHADOWS UNITY_PBS_USE_BRDF2 SHADER_API_DESKTOP UNITY_COLORSPACE_GAMMA UNITY_LIGHTMAP_DLDR_ENCODING ok=1
Cmd: compileSnippet
  api=4 type=1 insize=19406 outsize=346 kw= pd=UNITY_NO_DXT5nm UNITY_ENABLE_REFLECTION_BUFFERS UNITY_NO_SCREENSPACE_SHADOWS UNITY_PBS_USE_BRDF2 SHADER_API_DESKTOP UNITY_COLORSPACE_GAMMA UNITY_LIGHTMAP_DLDR_ENCODING ok=1
Cmd: compileComputeKernel
  error: 1 plat 14 at Packages/com.unity.render-pipelines.core/ShaderLibrary/Common.hlsl(1028): conversion from larger type to smaller, possible loss of data
  error: 1 plat 14 at Packages/com.unity.render-pipelines.core/ShaderLibrary/Packing.hlsl(127): conversion from larger type to smaller, possible loss of data
  error: 1 plat 14 at Packages/com.unity.render-pipelines.core/ShaderLibrary/Packing.hlsl(128): conversion from larger type to smaller, possible loss of data
  error: 1 plat 14 at Packages/com.unity.render-pipelines.core/ShaderLibrary/Packing.hlsl(129): conversion from larger type to smaller, possible loss of data
  error: 1 plat 14 at Packages/com.unity.render-pipelines.core/ShaderLibrary/Packing.hlsl(130): conversion from larger type to smaller, possible loss of data
  error: 1 plat 14 at Packages/com.unity.render-pipelines.core/ShaderLibrary/Packing.hlsl(150): conversion from larger type to smaller, possible loss of data
  error: 1 plat 14 at Packages/com.unity.render-pipelines.core/ShaderLibrary/Packing.hlsl(336): conversion from larger type to smaller, possible loss of data
  error: 1 plat 14 at Packages/com.unity.render-pipelines.core/ShaderLibrary/Packing.hlsl(343): conversion from larger type to smaller, possible loss of data
  error: 1 plat 14 at Packages/com.unity.render-pipelines.core/ShaderLibrary/Packing.hlsl(478): conversion from larger type to smaller, possible loss of data
  error: 1 plat 14 at Packages/com.unity.render-pipelines.core/ShaderLibrary/SpaceTransforms.hlsl(176): conversion from larger type to smaller, possible loss of data
  error: 1 plat 14 at Packages/com.unity.render-pipelines.core/ShaderLibrary/SpaceTransforms.hlsl(183): 'TransformWorldToTangent': conversion from larger type to smaller, possible loss of data
  error: 1 plat 14 at Packages/com.unity.render-pipelines.universal/ShaderLibrary/Core.hlsl(79): conversion from larger type to smaller, possible loss of data
  error: 1 plat 14 at Packages/com.unity.render-pipelines.universal/ShaderLibrary/Core.hlsl(81): 'TransformObjectToWorldDir': conversion from larger type to smaller, possible loss of data
  error: 1 plat 14 at Packages/com.unity.render-pipelines.universal/ShaderLibrary/Core.hlsl(82): conversion from larger type to smaller, possible loss of data
  error: 1 plat 14 at Packages/com.unity.render-pipelines.universal/ShaderLibrary/Core.hlsl(113): conversion from larger type to smaller, possible loss of data
  error: 1 plat 14 at Packages/com.unity.render-pipelines.universal/ShaderLibrary/Core.hlsl(171): conversion from larger type to smaller, possible loss of data
  error: 1 plat 14 at Packages/com.unity.render-pipelines.universal/ShaderLibrary/Core.hlsl(177): conversion from larger type to smaller, possible loss of data
  api=14 insize=7635 outsize=3860 ok=1
Cmd: translateComputeKernel
  api=14 insize=3860 outsize=5209 ok=1
Cmd: compileSnippet
  api=4 type=1 insize=12189 outsize=366 kw= pd=UNITY_NO_DXT5nm UNITY_ENABLE_REFLECTION_BUFFERS UNITY_NO_SCREENSPACE_SHADOWS UNITY_PBS_USE_BRDF2 SHADER_API_DESKTOP UNITY_COLORSPACE_GAMMA UNITY_LIGHTMAP_DLDR_ENCODING ok=1
Cmd: compileComputeKernel
  api=4 insize=7577 outsize=2304 ok=1
Cmd: compileComputeKernel
  error: 1 plat 14 at Packages/com.unity.render-pipelines.core/ShaderLibrary/Common.hlsl(1028): conversion from larger type to smaller, possible loss of data
  error: 1 plat 14 at Packages/com.unity.render-pipelines.core/ShaderLibrary/Packing.hlsl(127): conversion from larger type to smaller, possible loss of data
  error: 1 plat 14 at Packages/com.unity.render-pipelines.core/ShaderLibrary/Packing.hlsl(128): conversion from larger type to smaller, possible loss of data
  error: 1 plat 14 at Packages/com.unity.render-pipelines.core/ShaderLibrary/Packing.hlsl(129): conversion from larger type to smaller, possible loss of data
  error: 1 plat 14 at Packages/com.unity.render-pipelines.core/ShaderLibrary/Packing.hlsl(130): conversion from larger type to smaller, possible loss of data
  error: 1 plat 14 at Packages/com.unity.render-pipelines.core/ShaderLibrary/Packing.hlsl(150): conversion from larger type to smaller, possible loss of data
  error: 1 plat 14 at Packages/com.unity.render-pipelines.core/ShaderLibrary/Packing.hlsl(336): conversion from larger type to smaller, possible loss of data
  error: 1 plat 14 at Packages/com.unity.render-pipelines.core/ShaderLibrary/Packing.hlsl(343): conversion from larger type to smaller, possible loss of data
  error: 1 plat 14 at Packages/com.unity.render-pipelines.core/ShaderLibrary/Packing.hlsl(478): conversion from larger type to smaller, possible loss of data
  error: 1 plat 14 at Packages/com.unity.render-pipelines.core/ShaderLibrary/SpaceTransforms.hlsl(176): conversion from larger type to smaller, possible loss of data
  error: 1 plat 14 at Packages/com.unity.render-pipelines.core/ShaderLibrary/SpaceTransforms.hlsl(183): 'TransformWorldToTangent': conversion from larger type to smaller, possible loss of data
  error: 1 plat 14 at Packages/com.unity.render-pipelines.universal/ShaderLibrary/Core.hlsl(79): conversion from larger type to smaller, possible loss of data
  error: 1 plat 14 at Packages/com.unity.render-pipelines.universal/ShaderLibrary/Core.hlsl(81): 'TransformObjectToWorldDir': conversion from larger type to smaller, possible loss of data
  error: 1 plat 14 at Packages/com.unity.render-pipelines.universal/ShaderLibrary/Core.hlsl(82): conversion from larger type to smaller, possible loss of data
  error: 1 plat 14 at Packages/com.unity.render-pipelines.universal/ShaderLibrary/Core.hlsl(113): conversion from larger type to smaller, possible loss of data
  error: 1 plat 14 at Packages/com.unity.render-pipelines.universal/ShaderLibrary/Core.hlsl(171): conversion from larger type to smaller, possible loss of data
  error: 1 plat 14 at Packages/com.unity.render-pipelines.universal/ShaderLibrary/Core.hlsl(177): conversion from larger type to smaller, possible loss of data
  api=14 insize=10620 outsize=7411 ok=1
Cmd: translateComputeKernel
  api=14 insize=7411 outsize=13495 ok=1
