Base path: 'C:/Program Files/Unity/Hub/Editor/2019.4.12f1/Editor/Data', plugins path 'C:/Program Files/Unity/Hub/Editor/2019.4.12f1/Editor/Data/PlaybackEngines'
Cmd: initializeCompiler
Cmd: compileSnippet
  error: 1 plat 4 at (461): implicit truncation of vector type\nCompiling Vertex program with INSTANCING_ON _MAIN_LIGHT_SHADOWS _ADDITIONAL_LIGHTS
Platform defines: UNITY_NO_DXT5nm UNITY_ENABLE_REFLECTION_BUFFERS UNITY_NO_SCREENSPACE_SHADOWS UNITY_PBS_USE_BRDF2 SHADER_API_DESKTOP UNITY_COLORSPACE_GAMMA UNITY_LIGHTMAP_DLDR_ENCODING
  api=4 type=0 insize=22780 outsize=2638 kw=INSTANCING_ON _MAIN_LIGHT_SHADOWS _ADDITIONAL_LIGHTS pd=UNITY_NO_DXT5nm UNITY_ENABLE_REFLECTION_BUFFERS UNITY_NO_SCREENSPACE_SHADOWS UNITY_PBS_USE_BRDF2 SHADER_API_DESKTOP UNITY_COLORSPACE_GAMMA UNITY_LIGHTMAP_DLDR_ENCODING ok=1
Cmd: compileSnippet
  api=4 type=1 insize=2364 outsize=2854 kw=_MAIN_LIGHT_SHADOWS pd=UNITY_NO_DXT5nm UNITY_ENABLE_REFLECTION_BUFFERS UNITY_NO_SCREENSPACE_SHADOWS UNITY_PBS_USE_BRDF2 SHADER_API_DESKTOP UNITY_COLORSPACE_GAMMA UNITY_LIGHTMAP_DLDR_ENCODING ok=1
Cmd: compileSnippet
  api=4 type=1 insize=2696 outsize=378 kw= pd=UNITY_NO_DXT5nm UNITY_ENABLE_REFLECTION_BUFFERS UNITY_NO_SCREENSPACE_SHADOWS UNITY_PBS_USE_BRDF2 SHADER_API_DESKTOP UNITY_COLORSPACE_GAMMA UNITY_LIGHTMAP_DLDR_ENCODING ok=1
Cmd: compileSnippet
  api=4 type=1 insize=1077 outsize=442 kw=_ALPHATEST_ON pd=UNITY_NO_DXT5nm UNITY_ENABLE_REFLECTION_BUFFERS UNITY_NO_SCREENSPACE_SHADOWS UNITY_PBS_USE_BRDF2 SHADER_API_DESKTOP UNITY_COLORSPACE_GAMMA UNITY_LIGHTMAP_DLDR_ENCODING ok=1
Cmd: compileSnippet
  api=4 type=1 insize=4496 outsize=474 kw= pd=UNITY_NO_DXT5nm UNITY_ENABLE_REFLECTION_BUFFERS UNITY_NO_SCREENSPACE_SHADOWS UNITY_PBS_USE_BRDF2 SHADER_API_DESKTOP UNITY_COLORSPACE_GAMMA UNITY_LIGHTMAP_DLDR_ENCODING ok=1
Cmd: initializeCompiler
Cmd: compileComputeKernel
  api=4 insize=1372 outsize=620 ok=1
Cmd: translateComputeKernel
  api=14 insize=1312 outsize=1229 ok=1
Cmd: compileComputeKernel
  api=14 insize=9103 outsize=3166 ok=1
Cmd: compileComputeKernel
  api=4 insize=9103 outsize=2140 ok=1
Cmd: compileComputeKernel
  api=4 insize=9103 outsize=2780 ok=1
Cmd: compileComputeKernel
  error: 1 plat 14 at Packages/com.unity.render-pipelines.core/ShaderLibrary/Common.hlsl(1028): conversion from larger type to smaller, possible loss of data
  error: 1 plat 14 at Packages/com.unity.render-pipelines.core/ShaderLibrary/Packing.hlsl(127): conversion from larger type to smaller, possible loss of data
  error: 1 plat 14 at Packages/com.unity.render-pipelines.core/ShaderLibrary/Packing.hlsl(128): conversion from larger type to smaller, possible loss of data
  error: 1 plat 14 at Packages/com.unity.render-pipelines.core/ShaderLibrary/Packing.hlsl(129): conversion from larger type to smaller, possible loss of data
  error: 1 plat 14 at Packages/com.unity.render-pipelines.core/ShaderLibrary/Packing.hlsl(130): conversion from larger type to smaller, possible loss of data
  error: 1 plat 14 at Packages/com.unity.render-pipelines.core/ShaderLibrary/Packing.hlsl(150): conversion from larger type to smaller, possible loss of data
  error: 1 plat 14 at Packages/com.unity.render-pipelines.core/ShaderLibrary/Packing.hlsl(336): conversion from larger type to smaller, possible loss of data
  error: 1 plat 14 at Packages/com.unity.render-pipelines.core/ShaderLibrary/Packing.hlsl(343): conversion from larger type to smaller, possible loss of data
  error: 1 plat 14 at Packages/com.unity.render-pipelines.core/ShaderLibrary/Packing.hlsl(478): conversion from larger type to smaller, possible loss of data
  error: 1 plat 14 at Packages/com.unity.render-pipelines.core/ShaderLibrary/SpaceTransforms.hlsl(176): conversion from larger type to smaller, possible loss of data
  error: 1 plat 14 at Packages/com.unity.render-pipelines.core/ShaderLibrary/SpaceTransforms.hlsl(183): 'TransformWorldToTangent': conversion from larger type to smaller, possible loss of data
  error: 1 plat 14 at Packages/com.unity.render-pipelines.universal/ShaderLibrary/Core.hlsl(79): conversion from larger type to smaller, possible loss of data
  error: 1 plat 14 at Packages/com.unity.render-pipelines.universal/ShaderLibrary/Core.hlsl(81): 'TransformObjectToWorldDir': conversion from larger type to smaller, possible loss of data
  error: 1 plat 14 at Packages/com.unity.render-pipelines.universal/ShaderLibrary/Core.hlsl(82): conversion from larger type to smaller, possible loss of data
  error: 1 plat 14 at Packages/com.unity.render-pipelines.universal/ShaderLibrary/Core.hlsl(113): conversion from larger type to smaller, possible loss of data
  error: 1 plat 14 at Packages/com.unity.render-pipelines.universal/ShaderLibrary/Core.hlsl(171): conversion from larger type to smaller, possible loss of data
  error: 1 plat 14 at Packages/com.unity.render-pipelines.universal/ShaderLibrary/Core.hlsl(177): conversion from larger type to smaller, possible loss of data
  api=14 insize=8204 outsize=3944 ok=1
Cmd: translateComputeKernel
  api=14 insize=3944 outsize=6034 ok=1
Cmd: compileComputeKernel
  api=4 insize=7616 outsize=2316 ok=1
Cmd: compileComputeKernel
  error: 1 plat 4 at Fireworks2.vfx(164): 'i': loop control variable conflicts with a previous declaration in the outer scope; most recent declaration will be used
  error: 1 plat 4 at Fireworks2.vfx(182): 'i': loop control variable conflicts with a previous declaration in the outer scope; most recent declaration will be used
  api=4 insize=8752 outsize=2700 ok=1
Cmd: compileComputeKernel
  error: 1 plat 14 at Packages/com.unity.render-pipelines.core/ShaderLibrary/Common.hlsl(1028): conversion from larger type to smaller, possible loss of data
  error: 1 plat 14 at Packages/com.unity.render-pipelines.core/ShaderLibrary/Packing.hlsl(127): conversion from larger type to smaller, possible loss of data
  error: 1 plat 14 at Packages/com.unity.render-pipelines.core/ShaderLibrary/Packing.hlsl(128): conversion from larger type to smaller, possible loss of data
  error: 1 plat 14 at Packages/com.unity.render-pipelines.core/ShaderLibrary/Packing.hlsl(129): conversion from larger type to smaller, possible loss of data
  error: 1 plat 14 at Packages/com.unity.render-pipelines.core/ShaderLibrary/Packing.hlsl(130): conversion from larger type to smaller, possible loss of data
  error: 1 plat 14 at Packages/com.unity.render-pipelines.core/ShaderLibrary/Packing.hlsl(150): conversion from larger type to smaller, possible loss of data
  error: 1 plat 14 at Packages/com.unity.render-pipelines.core/ShaderLibrary/Packing.hlsl(336): conversion from larger type to smaller, possible loss of data
  error: 1 plat 14 at Packages/com.unity.render-pipelines.core/ShaderLibrary/Packing.hlsl(343): conversion from larger type to smaller, possible loss of data
  error: 1 plat 14 at Packages/com.unity.render-pipelines.core/ShaderLibrary/Packing.hlsl(478): conversion from larger type to smaller, possible loss of data
  error: 1 plat 14 at Packages/com.unity.render-pipelines.core/ShaderLibrary/SpaceTransforms.hlsl(176): conversion from larger type to smaller, possible loss of data
  error: 1 plat 14 at Packages/com.unity.render-pipelines.core/ShaderLibrary/SpaceTransforms.hlsl(183): 'TransformWorldToTangent': conversion from larger type to smaller, possible loss of data
  error: 1 plat 14 at Packages/com.unity.render-pipelines.universal/ShaderLibrary/Core.hlsl(79): conversion from larger type to smaller, possible loss of data
  error: 1 plat 14 at Packages/com.unity.render-pipelines.universal/ShaderLibrary/Core.hlsl(81): 'TransformObjectToWorldDir': conversion from larger type to smaller, possible loss of data
  error: 1 plat 14 at Packages/com.unity.render-pipelines.universal/ShaderLibrary/Core.hlsl(82): conversion from larger type to smaller, possible loss of data
  error: 1 plat 14 at Packages/com.unity.render-pipelines.universal/ShaderLibrary/Core.hlsl(113): conversion from larger type to smaller, possible loss of data
  error: 1 plat 14 at Packages/com.unity.render-pipelines.universal/ShaderLibrary/Core.hlsl(171): conversion from larger type to smaller, possible loss of data
  error: 1 plat 14 at Packages/com.unity.render-pipelines.universal/ShaderLibrary/Core.hlsl(177): conversion from larger type to smaller, possible loss of data
  api=14 insize=7453 outsize=4480 ok=1
Cmd: translateComputeKernel
  api=14 insize=4480 outsize=6843 ok=1
Cmd: compileComputeKernel
  api=4 insize=6845 outsize=1562 ok=1
Cmd: compileComputeKernel
  error: 1 plat 14 at Packages/com.unity.render-pipelines.core/ShaderLibrary/Common.hlsl(1028): conversion from larger type to smaller, possible loss of data
  error: 1 plat 14 at Packages/com.unity.render-pipelines.core/ShaderLibrary/Packing.hlsl(127): conversion from larger type to smaller, possible loss of data
  error: 1 plat 14 at Packages/com.unity.render-pipelines.core/ShaderLibrary/Packing.hlsl(128): conversion from larger type to smaller, possible loss of data
  error: 1 plat 14 at Packages/com.unity.render-pipelines.core/ShaderLibrary/Packing.hlsl(129): conversion from larger type to smaller, possible loss of data
  error: 1 plat 14 at Packages/com.unity.render-pipelines.core/ShaderLibrary/Packing.hlsl(130): conversion from larger type to smaller, possible loss of data
  error: 1 plat 14 at Packages/com.unity.render-pipelines.core/ShaderLibrary/Packing.hlsl(150): conversion from larger type to smaller, possible loss of data
  error: 1 plat 14 at Packages/com.unity.render-pipelines.core/ShaderLibrary/Packing.hlsl(336): conversion from larger type to smaller, possible loss of data
  error: 1 plat 14 at Packages/com.unity.render-pipelines.core/ShaderLibrary/Packing.hlsl(343): conversion from larger type to smaller, possible loss of data
  error: 1 plat 14 at Packages/com.unity.render-pipelines.core/ShaderLibrary/Packing.hlsl(478): conversion from larger type to smaller, possible loss of data
  error: 1 plat 14 at Packages/com.unity.render-pipelines.core/ShaderLibrary/SpaceTransforms.hlsl(176): conversion from larger type to smaller, possible loss of data
  error: 1 plat 14 at Packages/com.unity.render-pipelines.core/ShaderLibrary/SpaceTransforms.hlsl(183): 'TransformWorldToTangent': conversion from larger type to smaller, possible loss of data
  error: 1 plat 14 at Packages/com.unity.render-pipelines.universal/ShaderLibrary/Core.hlsl(79): conversion from larger type to smaller, possible loss of data
  error: 1 plat 14 at Packages/com.unity.render-pipelines.universal/ShaderLibrary/Core.hlsl(81): 'TransformObjectToWorldDir': conversion from larger type to smaller, possible loss of data
  error: 1 plat 14 at Packages/com.unity.render-pipelines.universal/ShaderLibrary/Core.hlsl(82): conversion from larger type to smaller, possible loss of data
  error: 1 plat 14 at Packages/com.unity.render-pipelines.universal/ShaderLibrary/Core.hlsl(113): conversion from larger type to smaller, possible loss of data
  error: 1 plat 14 at Packages/com.unity.render-pipelines.universal/ShaderLibrary/Core.hlsl(171): conversion from larger type to smaller, possible loss of data
  error: 1 plat 14 at Packages/com.unity.render-pipelines.universal/ShaderLibrary/Core.hlsl(177): conversion from larger type to smaller, possible loss of data
  api=14 insize=9201 outsize=5606 ok=1
Cmd: translateComputeKernel
  api=14 insize=5606 outsize=8264 ok=1
Cmd: compileComputeKernel
  api=4 insize=7575 outsize=2304 ok=1
Cmd: compileComputeKernel
  api=4 insize=6262 outsize=1496 ok=1
Cmd: compileComputeKernel
  api=4 insize=1972 outsize=1398 ok=1
Cmd: compileComputeKernel
  api=4 insize=7216 outsize=2112 ok=1
Cmd: compileComputeKernel
  error: 1 plat 4 at Fireworks3.vfx(151): 'i': loop control variable conflicts with a previous declaration in the outer scope; most recent declaration will be used
  error: 1 plat 4 at Fireworks3.vfx(169): 'i': loop control variable conflicts with a previous declaration in the outer scope; most recent declaration will be used
  api=4 insize=7552 outsize=2177 ok=1
Cmd: compileComputeKernel
  api=4 insize=7109 outsize=2581 ok=1
Cmd: compileComputeKernel
  api=4 insize=7489 outsize=3790 ok=1
Cmd: compileComputeKernel
  error: 1 plat 14 at Packages/com.unity.render-pipelines.core/ShaderLibrary/Common.hlsl(1028): conversion from larger type to smaller, possible loss of data
  error: 1 plat 14 at Packages/com.unity.render-pipelines.core/ShaderLibrary/Packing.hlsl(127): conversion from larger type to smaller, possible loss of data
  error: 1 plat 14 at Packages/com.unity.render-pipelines.core/ShaderLibrary/Packing.hlsl(128): conversion from larger type to smaller, possible loss of data
  error: 1 plat 14 at Packages/com.unity.render-pipelines.core/ShaderLibrary/Packing.hlsl(129): conversion from larger type to smaller, possible loss of data
  error: 1 plat 14 at Packages/com.unity.render-pipelines.core/ShaderLibrary/Packing.hlsl(130): conversion from larger type to smaller, possible loss of data
  error: 1 plat 14 at Packages/com.unity.render-pipelines.core/ShaderLibrary/Packing.hlsl(150): conversion from larger type to smaller, possible loss of data
  error: 1 plat 14 at Packages/com.unity.render-pipelines.core/ShaderLibrary/Packing.hlsl(336): conversion from larger type to smaller, possible loss of data
  error: 1 plat 14 at Packages/com.unity.render-pipelines.core/ShaderLibrary/Packing.hlsl(343): conversion from larger type to smaller, possible loss of data
  error: 1 plat 14 at Packages/com.unity.render-pipelines.core/ShaderLibrary/Packing.hlsl(478): conversion from larger type to smaller, possible loss of data
  error: 1 plat 14 at Packages/com.unity.render-pipelines.core/ShaderLibrary/SpaceTransforms.hlsl(176): conversion from larger type to smaller, possible loss of data
  error: 1 plat 14 at Packages/com.unity.render-pipelines.core/ShaderLibrary/SpaceTransforms.hlsl(183): 'TransformWorldToTangent': conversion from larger type to smaller, possible loss of data
  error: 1 plat 14 at Packages/com.unity.render-pipelines.universal/ShaderLibrary/Core.hlsl(79): conversion from larger type to smaller, possible loss of data
  error: 1 plat 14 at Packages/com.unity.render-pipelines.universal/ShaderLibrary/Core.hlsl(81): 'TransformObjectToWorldDir': conversion from larger type to smaller, possible loss of data
  error: 1 plat 14 at Packages/com.unity.render-pipelines.universal/ShaderLibrary/Core.hlsl(82): conversion from larger type to smaller, possible loss of data
  error: 1 plat 14 at Packages/com.unity.render-pipelines.universal/ShaderLibrary/Core.hlsl(113): conversion from larger type to smaller, possible loss of data
  error: 1 plat 14 at Packages/com.unity.render-pipelines.universal/ShaderLibrary/Core.hlsl(171): conversion from larger type to smaller, possible loss of data
  error: 1 plat 14 at Packages/com.unity.render-pipelines.universal/ShaderLibrary/Core.hlsl(177): conversion from larger type to smaller, possible loss of data
  api=14 insize=7745 outsize=3019 ok=1
Cmd: translateComputeKernel
  api=14 insize=3019 outsize=4927 ok=1
Cmd: compileComputeKernel
  error: 1 plat 14 at Packages/com.unity.render-pipelines.core/ShaderLibrary/Common.hlsl(1028): conversion from larger type to smaller, possible loss of data
  error: 1 plat 14 at Packages/com.unity.render-pipelines.core/ShaderLibrary/Packing.hlsl(127): conversion from larger type to smaller, possible loss of data
  error: 1 plat 14 at Packages/com.unity.render-pipelines.core/ShaderLibrary/Packing.hlsl(128): conversion from larger type to smaller, possible loss of data
  error: 1 plat 14 at Packages/com.unity.render-pipelines.core/ShaderLibrary/Packing.hlsl(129): conversion from larger type to smaller, possible loss of data
  error: 1 plat 14 at Packages/com.unity.render-pipelines.core/ShaderLibrary/Packing.hlsl(130): conversion from larger type to smaller, possible loss of data
  error: 1 plat 14 at Packages/com.unity.render-pipelines.core/ShaderLibrary/Packing.hlsl(150): conversion from larger type to smaller, possible loss of data
  error: 1 plat 14 at Packages/com.unity.render-pipelines.core/ShaderLibrary/Packing.hlsl(336): conversion from larger type to smaller, possible loss of data
  error: 1 plat 14 at Packages/com.unity.render-pipelines.core/ShaderLibrary/Packing.hlsl(343): conversion from larger type to smaller, possible loss of data
  error: 1 plat 14 at Packages/com.unity.render-pipelines.core/ShaderLibrary/Packing.hlsl(478): conversion from larger type to smaller, possible loss of data
  error: 1 plat 14 at Packages/com.unity.render-pipelines.core/ShaderLibrary/SpaceTransforms.hlsl(176): conversion from larger type to smaller, possible loss of data
  error: 1 plat 14 at Packages/com.unity.render-pipelines.core/ShaderLibrary/SpaceTransforms.hlsl(183): 'TransformWorldToTangent': conversion from larger type to smaller, possible loss of data
  error: 1 plat 14 at Packages/com.unity.render-pipelines.universal/ShaderLibrary/Core.hlsl(79): conversion from larger type to smaller, possible loss of data
  error: 1 plat 14 at Packages/com.unity.render-pipelines.universal/ShaderLibrary/Core.hlsl(81): 'TransformObjectToWorldDir': conversion from larger type to smaller, possible loss of data
  error: 1 plat 14 at Packages/com.unity.render-pipelines.universal/ShaderLibrary/Core.hlsl(82): conversion from larger type to smaller, possible loss of data
  error: 1 plat 14 at Packages/com.unity.render-pipelines.universal/ShaderLibrary/Core.hlsl(113): conversion from larger type to smaller, possible loss of data
  error: 1 plat 14 at Packages/com.unity.render-pipelines.universal/ShaderLibrary/Core.hlsl(171): conversion from larger type to smaller, possible loss of data
  error: 1 plat 14 at Packages/com.unity.render-pipelines.universal/ShaderLibrary/Core.hlsl(177): conversion from larger type to smaller, possible loss of data
  api=14 insize=7119 outsize=3813 ok=1
Cmd: translateComputeKernel
  api=14 insize=3813 outsize=5897 ok=1
Cmd: compileSnippet
  api=4 type=0 insize=18791 outsize=2558 kw= pd=UNITY_NO_DXT5nm UNITY_ENABLE_REFLECTION_BUFFERS UNITY_NO_SCREENSPACE_SHADOWS UNITY_PBS_USE_BRDF2 SHADER_API_DESKTOP UNITY_COLORSPACE_GAMMA UNITY_LIGHTMAP_DLDR_ENCODING ok=1
Cmd: compileSnippet
  api=4 type=0 insize=18394 outsize=2494 kw= pd=UNITY_NO_DXT5nm UNITY_ENABLE_REFLECTION_BUFFERS UNITY_NO_SCREENSPACE_SHADOWS UNITY_PBS_USE_BRDF2 SHADER_API_DESKTOP UNITY_COLORSPACE_GAMMA UNITY_LIGHTMAP_DLDR_ENCODING ok=1
Cmd: compileSnippet
  api=4 type=0 insize=21116 outsize=2506 kw= pd=UNITY_NO_DXT5nm UNITY_ENABLE_REFLECTION_BUFFERS UNITY_NO_SCREENSPACE_SHADOWS UNITY_PBS_USE_BRDF2 SHADER_API_DESKTOP UNITY_COLORSPACE_GAMMA UNITY_LIGHTMAP_DLDR_ENCODING ok=1
Cmd: compileSnippet
  error: 1 plat 4 at (409): implicit truncation of vector type\nCompiling Vertex program
Platform defines: UNITY_NO_DXT5nm UNITY_ENABLE_REFLECTION_BUFFERS UNITY_NO_SCREENSPACE_SHADOWS UNITY_PBS_USE_BRDF2 SHADER_API_DESKTOP UNITY_COLORSPACE_GAMMA UNITY_LIGHTMAP_DLDR_ENCODING
  api=4 type=0 insize=11085 outsize=3126 kw= pd=UNITY_NO_DXT5nm UNITY_ENABLE_REFLECTION_BUFFERS UNITY_NO_SCREENSPACE_SHADOWS UNITY_PBS_USE_BRDF2 SHADER_API_DESKTOP UNITY_COLORSPACE_GAMMA UNITY_LIGHTMAP_DLDR_ENCODING ok=1
Cmd: compileComputeKernel
  api=4 insize=7635 outsize=2444 ok=1
Cmd: compileComputeKernel
  api=4 insize=6263 outsize=1496 ok=1
Cmd: compileSnippet
  error: 1 plat 4 at (409): implicit truncation of vector type\nCompiling Fragment program
Platform defines: UNITY_NO_DXT5nm UNITY_ENABLE_REFLECTION_BUFFERS UNITY_NO_SCREENSPACE_SHADOWS UNITY_PBS_USE_BRDF2 SHADER_API_DESKTOP UNITY_COLORSPACE_GAMMA UNITY_LIGHTMAP_DLDR_ENCODING
  api=4 type=1 insize=11078 outsize=322 kw= pd=UNITY_NO_DXT5nm UNITY_ENABLE_REFLECTION_BUFFERS UNITY_NO_SCREENSPACE_SHADOWS UNITY_PBS_USE_BRDF2 SHADER_API_DESKTOP UNITY_COLORSPACE_GAMMA UNITY_LIGHTMAP_DLDR_ENCODING ok=1
Cmd: compileComputeKernel
  error: 1 plat 14 at Packages/com.unity.render-pipelines.core/ShaderLibrary/Common.hlsl(1028): conversion from larger type to smaller, possible loss of data
  error: 1 plat 14 at Packages/com.unity.render-pipelines.core/ShaderLibrary/Packing.hlsl(127): conversion from larger type to smaller, possible loss of data
  error: 1 plat 14 at Packages/com.unity.render-pipelines.core/ShaderLibrary/Packing.hlsl(128): conversion from larger type to smaller, possible loss of data
  error: 1 plat 14 at Packages/com.unity.render-pipelines.core/ShaderLibrary/Packing.hlsl(129): conversion from larger type to smaller, possible loss of data
  error: 1 plat 14 at Packages/com.unity.render-pipelines.core/ShaderLibrary/Packing.hlsl(130): conversion from larger type to smaller, possible loss of data
  error: 1 plat 14 at Packages/com.unity.render-pipelines.core/ShaderLibrary/Packing.hlsl(150): conversion from larger type to smaller, possible loss of data
  error: 1 plat 14 at Packages/com.unity.render-pipelines.core/ShaderLibrary/Packing.hlsl(336): conversion from larger type to smaller, possible loss of data
  error: 1 plat 14 at Packages/com.unity.render-pipelines.core/ShaderLibrary/Packing.hlsl(343): conversion from larger type to smaller, possible loss of data
  error: 1 plat 14 at Packages/com.unity.render-pipelines.core/ShaderLibrary/Packing.hlsl(478): conversion from larger type to smaller, possible loss of data
  error: 1 plat 14 at Packages/com.unity.render-pipelines.core/ShaderLibrary/SpaceTransforms.hlsl(176): conversion from larger type to smaller, possible loss of data
  error: 1 plat 14 at Packages/com.unity.render-pipelines.core/ShaderLibrary/SpaceTransforms.hlsl(183): 'TransformWorldToTangent': conversion from larger type to smaller, possible loss of data
  error: 1 plat 14 at Packages/com.unity.render-pipelines.universal/ShaderLibrary/Core.hlsl(79): conversion from larger type to smaller, possible loss of data
  error: 1 plat 14 at Packages/com.unity.render-pipelines.universal/ShaderLibrary/Core.hlsl(81): 'TransformObjectToWorldDir': conversion from larger type to smaller, possible loss of data
  error: 1 plat 14 at Packages/com.unity.render-pipelines.universal/ShaderLibrary/Core.hlsl(82): conversion from larger type to smaller, possible loss of data
  error: 1 plat 14 at Packages/com.unity.render-pipelines.universal/ShaderLibrary/Core.hlsl(113): conversion from larger type to smaller, possible loss of data
  error: 1 plat 14 at Packages/com.unity.render-pipelines.universal/ShaderLibrary/Core.hlsl(171): conversion from larger type to smaller, possible loss of data
  error: 1 plat 14 at Packages/com.unity.render-pipelines.universal/ShaderLibrary/Core.hlsl(177): conversion from larger type to smaller, possible loss of data
  api=14 insize=11167 outsize=10356 ok=1
Cmd: translateComputeKernel
  api=14 insize=10356 outsize=17210 ok=1
