Base path: 'C:/Program Files/Unity/Hub/Editor/2019.4.12f1/Editor/Data', plugins path 'C:/Program Files/Unity/Hub/Editor/2019.4.12f1/Editor/Data/PlaybackEngines'
Cmd: initializeCompiler
Cmd: compileSnippet
  api=4 type=1 insize=2364 outsize=4470 kw=_MAIN_LIGHT_SHADOWS _ADDITIONAL_LIGHTS pd=UNITY_NO_DXT5nm UNITY_ENABLE_REFLECTION_BUFFERS UNITY_NO_SCREENSPACE_SHADOWS UNITY_PBS_USE_BRDF2 SHADER_API_DESKTOP UNITY_COLORSPACE_GAMMA UNITY_LIGHTMAP_DLDR_ENCODING ok=1
Cmd: compileSnippet
  api=4 type=0 insize=1077 outsize=690 kw= pd=UNITY_NO_DXT5nm UNITY_ENABLE_REFLECTION_BUFFERS UNITY_NO_SCREENSPACE_SHADOWS UNITY_PBS_USE_BRDF2 SHADER_API_DESKTOP UNITY_COLORSPACE_GAMMA UNITY_LIGHTMAP_DLDR_ENCODING ok=1
Cmd: compileSnippet
  api=4 type=1 insize=2696 outsize=486 kw=_ALPHATEST_ON pd=UNITY_NO_DXT5nm UNITY_ENABLE_REFLECTION_BUFFERS UNITY_NO_SCREENSPACE_SHADOWS UNITY_PBS_USE_BRDF2 SHADER_API_DESKTOP UNITY_COLORSPACE_GAMMA UNITY_LIGHTMAP_DLDR_ENCODING ok=1
Cmd: compileSnippet
  api=4 type=0 insize=1072 outsize=1442 kw=UNITY_PASS_SHADOWCASTER SHADOWS_DEPTH pd=UNITY_NO_DXT5nm UNITY_ENABLE_REFLECTION_BUFFERS UNITY_NO_SCREENSPACE_SHADOWS UNITY_PBS_USE_BRDF2 SHADER_API_DESKTOP UNITY_COLORSPACE_GAMMA UNITY_LIGHTMAP_DLDR_ENCODING ok=1
Cmd: compileSnippet
  api=4 type=1 insize=898 outsize=282 kw= pd=UNITY_NO_DXT5nm UNITY_ENABLE_REFLECTION_BUFFERS UNITY_NO_SCREENSPACE_SHADOWS UNITY_PBS_USE_BRDF2 SHADER_API_DESKTOP UNITY_COLORSPACE_GAMMA UNITY_LIGHTMAP_DLDR_ENCODING ok=1
Cmd: compileSnippet
  api=4 type=0 insize=1080 outsize=690 kw= pd=UNITY_NO_DXT5nm UNITY_ENABLE_REFLECTION_BUFFERS UNITY_NO_SCREENSPACE_SHADOWS UNITY_PBS_USE_BRDF2 SHADER_API_DESKTOP UNITY_COLORSPACE_GAMMA UNITY_LIGHTMAP_DLDR_ENCODING ok=1
Cmd: initializeCompiler
Cmd: compileComputeKernel
  api=14 insize=1372 outsize=1424 ok=1
Cmd: compileComputeKernel
  api=14 insize=9103 outsize=5006 ok=1
Cmd: compileComputeKernel
  api=14 insize=9103 outsize=4975 ok=1
Cmd: compileComputeKernel
  api=4 insize=9103 outsize=2745 ok=1
Cmd: compileComputeKernel
  error: 1 plat 14 at Packages/com.unity.render-pipelines.core/ShaderLibrary/Common.hlsl(1028): conversion from larger type to smaller, possible loss of data
  error: 1 plat 14 at Packages/com.unity.render-pipelines.core/ShaderLibrary/Packing.hlsl(127): conversion from larger type to smaller, possible loss of data
  error: 1 plat 14 at Packages/com.unity.render-pipelines.core/ShaderLibrary/Packing.hlsl(128): conversion from larger type to smaller, possible loss of data
  error: 1 plat 14 at Packages/com.unity.render-pipelines.core/ShaderLibrary/Packing.hlsl(129): conversion from larger type to smaller, possible loss of data
  error: 1 plat 14 at Packages/com.unity.render-pipelines.core/ShaderLibrary/Packing.hlsl(130): conversion from larger type to smaller, possible loss of data
  error: 1 plat 14 at Packages/com.unity.render-pipelines.core/ShaderLibrary/Packing.hlsl(150): conversion from larger type to smaller, possible loss of data
  error: 1 plat 14 at Packages/com.unity.render-pipelines.core/ShaderLibrary/Packing.hlsl(336): conversion from larger type to smaller, possible loss of data
  error: 1 plat 14 at Packages/com.unity.render-pipelines.core/ShaderLibrary/Packing.hlsl(343): conversion from larger type to smaller, possible loss of data
  error: 1 plat 14 at Packages/com.unity.render-pipelines.core/ShaderLibrary/Packing.hlsl(478): conversion from larger type to smaller, possible loss of data
  error: 1 plat 14 at Packages/com.unity.render-pipelines.core/ShaderLibrary/SpaceTransforms.hlsl(176): conversion from larger type to smaller, possible loss of data
  error: 1 plat 14 at Packages/com.unity.render-pipelines.core/ShaderLibrary/SpaceTransforms.hlsl(183): 'TransformWorldToTangent': conversion from larger type to smaller, possible loss of data
  error: 1 plat 14 at Packages/com.unity.render-pipelines.universal/ShaderLibrary/Core.hlsl(79): conversion from larger type to smaller, possible loss of data
  error: 1 plat 14 at Packages/com.unity.render-pipelines.universal/ShaderLibrary/Core.hlsl(81): 'TransformObjectToWorldDir': conversion from larger type to smaller, possible loss of data
  error: 1 plat 14 at Packages/com.unity.render-pipelines.universal/ShaderLibrary/Core.hlsl(82): conversion from larger type to smaller, possible loss of data
  error: 1 plat 14 at Packages/com.unity.render-pipelines.universal/ShaderLibrary/Core.hlsl(113): conversion from larger type to smaller, possible loss of data
  error: 1 plat 14 at Packages/com.unity.render-pipelines.universal/ShaderLibrary/Core.hlsl(171): conversion from larger type to smaller, possible loss of data
  error: 1 plat 14 at Packages/com.unity.render-pipelines.universal/ShaderLibrary/Core.hlsl(177): conversion from larger type to smaller, possible loss of data
  api=14 insize=7380 outsize=3032 ok=1
Cmd: compileComputeKernel
  error: 1 plat 14 at Packages/com.unity.render-pipelines.core/ShaderLibrary/Common.hlsl(1028): conversion from larger type to smaller, possible loss of data
  error: 1 plat 14 at Packages/com.unity.render-pipelines.core/ShaderLibrary/Packing.hlsl(127): conversion from larger type to smaller, possible loss of data
  error: 1 plat 14 at Packages/com.unity.render-pipelines.core/ShaderLibrary/Packing.hlsl(128): conversion from larger type to smaller, possible loss of data
  error: 1 plat 14 at Packages/com.unity.render-pipelines.core/ShaderLibrary/Packing.hlsl(129): conversion from larger type to smaller, possible loss of data
  error: 1 plat 14 at Packages/com.unity.render-pipelines.core/ShaderLibrary/Packing.hlsl(130): conversion from larger type to smaller, possible loss of data
  error: 1 plat 14 at Packages/com.unity.render-pipelines.core/ShaderLibrary/Packing.hlsl(150): conversion from larger type to smaller, possible loss of data
  error: 1 plat 14 at Packages/com.unity.render-pipelines.core/ShaderLibrary/Packing.hlsl(336): conversion from larger type to smaller, possible loss of data
  error: 1 plat 14 at Packages/com.unity.render-pipelines.core/ShaderLibrary/Packing.hlsl(343): conversion from larger type to smaller, possible loss of data
  error: 1 plat 14 at Packages/com.unity.render-pipelines.core/ShaderLibrary/Packing.hlsl(478): conversion from larger type to smaller, possible loss of data
  error: 1 plat 14 at Packages/com.unity.render-pipelines.core/ShaderLibrary/SpaceTransforms.hlsl(176): conversion from larger type to smaller, possible loss of data
  error: 1 plat 14 at Packages/com.unity.render-pipelines.core/ShaderLibrary/SpaceTransforms.hlsl(183): 'TransformWorldToTangent': conversion from larger type to smaller, possible loss of data
  error: 1 plat 14 at Packages/com.unity.render-pipelines.universal/ShaderLibrary/Core.hlsl(79): conversion from larger type to smaller, possible loss of data
  error: 1 plat 14 at Packages/com.unity.render-pipelines.universal/ShaderLibrary/Core.hlsl(81): 'TransformObjectToWorldDir': conversion from larger type to smaller, possible loss of data
  error: 1 plat 14 at Packages/com.unity.render-pipelines.universal/ShaderLibrary/Core.hlsl(82): conversion from larger type to smaller, possible loss of data
  error: 1 plat 14 at Packages/com.unity.render-pipelines.universal/ShaderLibrary/Core.hlsl(113): conversion from larger type to smaller, possible loss of data
  error: 1 plat 14 at Packages/com.unity.render-pipelines.universal/ShaderLibrary/Core.hlsl(171): conversion from larger type to smaller, possible loss of data
  error: 1 plat 14 at Packages/com.unity.render-pipelines.universal/ShaderLibrary/Core.hlsl(177): conversion from larger type to smaller, possible loss of data
  api=14 insize=9937 outsize=3389 ok=1
Cmd: translateComputeKernel
  api=14 insize=3389 outsize=5975 ok=1
Cmd: compileComputeKernel
  error: 1 plat 14 at Packages/com.unity.render-pipelines.core/ShaderLibrary/Common.hlsl(1028): conversion from larger type to smaller, possible loss of data
  error: 1 plat 14 at Packages/com.unity.render-pipelines.core/ShaderLibrary/Packing.hlsl(127): conversion from larger type to smaller, possible loss of data
  error: 1 plat 14 at Packages/com.unity.render-pipelines.core/ShaderLibrary/Packing.hlsl(128): conversion from larger type to smaller, possible loss of data
  error: 1 plat 14 at Packages/com.unity.render-pipelines.core/ShaderLibrary/Packing.hlsl(129): conversion from larger type to smaller, possible loss of data
  error: 1 plat 14 at Packages/com.unity.render-pipelines.core/ShaderLibrary/Packing.hlsl(130): conversion from larger type to smaller, possible loss of data
  error: 1 plat 14 at Packages/com.unity.render-pipelines.core/ShaderLibrary/Packing.hlsl(150): conversion from larger type to smaller, possible loss of data
  error: 1 plat 14 at Packages/com.unity.render-pipelines.core/ShaderLibrary/Packing.hlsl(336): conversion from larger type to smaller, possible loss of data
  error: 1 plat 14 at Packages/com.unity.render-pipelines.core/ShaderLibrary/Packing.hlsl(343): conversion from larger type to smaller, possible loss of data
  error: 1 plat 14 at Packages/com.unity.render-pipelines.core/ShaderLibrary/Packing.hlsl(478): conversion from larger type to smaller, possible loss of data
  error: 1 plat 14 at Packages/com.unity.render-pipelines.core/ShaderLibrary/SpaceTransforms.hlsl(176): conversion from larger type to smaller, possible loss of data
  error: 1 plat 14 at Packages/com.unity.render-pipelines.core/ShaderLibrary/SpaceTransforms.hlsl(183): 'TransformWorldToTangent': conversion from larger type to smaller, possible loss of data
  error: 1 plat 14 at Packages/com.unity.render-pipelines.universal/ShaderLibrary/Core.hlsl(79): conversion from larger type to smaller, possible loss of data
  error: 1 plat 14 at Packages/com.unity.render-pipelines.universal/ShaderLibrary/Core.hlsl(81): 'TransformObjectToWorldDir': conversion from larger type to smaller, possible loss of data
  error: 1 plat 14 at Packages/com.unity.render-pipelines.universal/ShaderLibrary/Core.hlsl(82): conversion from larger type to smaller, possible loss of data
  error: 1 plat 14 at Packages/com.unity.render-pipelines.universal/ShaderLibrary/Core.hlsl(113): conversion from larger type to smaller, possible loss of data
  error: 1 plat 14 at Packages/com.unity.render-pipelines.universal/ShaderLibrary/Core.hlsl(171): conversion from larger type to smaller, possible loss of data
  error: 1 plat 14 at Packages/com.unity.render-pipelines.universal/ShaderLibrary/Core.hlsl(177): conversion from larger type to smaller, possible loss of data
  api=14 insize=7616 outsize=3404 ok=1
Cmd: translateComputeKernel
  api=14 insize=3404 outsize=5321 ok=1
Cmd: compileComputeKernel
  error: 1 plat 4 at Fireworks2.vfx(117): use of potentially uninitialized variable (GetParticleIndex)
  api=4 insize=7199 outsize=2874 ok=1
Cmd: compileComputeKernel
  api=4 insize=7431 outsize=1995 ok=1
Cmd: compileComputeKernel
  api=4 insize=7453 outsize=3032 ok=1
Cmd: compileComputeKernel
  api=4 insize=9168 outsize=4388 ok=1
Cmd: compileComputeKernel
  error: 1 plat 14 at Packages/com.unity.render-pipelines.core/ShaderLibrary/Common.hlsl(1028): conversion from larger type to smaller, possible loss of data
  error: 1 plat 14 at Packages/com.unity.render-pipelines.core/ShaderLibrary/Packing.hlsl(127): conversion from larger type to smaller, possible loss of data
  error: 1 plat 14 at Packages/com.unity.render-pipelines.core/ShaderLibrary/Packing.hlsl(128): conversion from larger type to smaller, possible loss of data
  error: 1 plat 14 at Packages/com.unity.render-pipelines.core/ShaderLibrary/Packing.hlsl(129): conversion from larger type to smaller, possible loss of data
  error: 1 plat 14 at Packages/com.unity.render-pipelines.core/ShaderLibrary/Packing.hlsl(130): conversion from larger type to smaller, possible loss of data
  error: 1 plat 14 at Packages/com.unity.render-pipelines.core/ShaderLibrary/Packing.hlsl(150): conversion from larger type to smaller, possible loss of data
  error: 1 plat 14 at Packages/com.unity.render-pipelines.core/ShaderLibrary/Packing.hlsl(336): conversion from larger type to smaller, possible loss of data
  error: 1 plat 14 at Packages/com.unity.render-pipelines.core/ShaderLibrary/Packing.hlsl(343): conversion from larger type to smaller, possible loss of data
  error: 1 plat 14 at Packages/com.unity.render-pipelines.core/ShaderLibrary/Packing.hlsl(478): conversion from larger type to smaller, possible loss of data
  error: 1 plat 14 at Packages/com.unity.render-pipelines.core/ShaderLibrary/SpaceTransforms.hlsl(176): conversion from larger type to smaller, possible loss of data
  error: 1 plat 14 at Packages/com.unity.render-pipelines.core/ShaderLibrary/SpaceTransforms.hlsl(183): 'TransformWorldToTangent': conversion from larger type to smaller, possible loss of data
  error: 1 plat 14 at Packages/com.unity.render-pipelines.universal/ShaderLibrary/Core.hlsl(79): conversion from larger type to smaller, possible loss of data
  error: 1 plat 14 at Packages/com.unity.render-pipelines.universal/ShaderLibrary/Core.hlsl(81): 'TransformObjectToWorldDir': conversion from larger type to smaller, possible loss of data
  error: 1 plat 14 at Packages/com.unity.render-pipelines.universal/ShaderLibrary/Core.hlsl(82): conversion from larger type to smaller, possible loss of data
  error: 1 plat 14 at Packages/com.unity.render-pipelines.universal/ShaderLibrary/Core.hlsl(113): conversion from larger type to smaller, possible loss of data
  error: 1 plat 14 at Packages/com.unity.render-pipelines.universal/ShaderLibrary/Core.hlsl(171): conversion from larger type to smaller, possible loss of data
  error: 1 plat 14 at Packages/com.unity.render-pipelines.universal/ShaderLibrary/Core.hlsl(177): conversion from larger type to smaller, possible loss of data
  api=14 insize=5796 outsize=2446 ok=1
Cmd: translateComputeKernel
  api=14 insize=2446 outsize=3839 ok=1
Cmd: compileComputeKernel
  error: 1 plat 14 at Packages/com.unity.render-pipelines.core/ShaderLibrary/Common.hlsl(1028): conversion from larger type to smaller, possible loss of data
  error: 1 plat 14 at Packages/com.unity.render-pipelines.core/ShaderLibrary/Packing.hlsl(127): conversion from larger type to smaller, possible loss of data
  error: 1 plat 14 at Packages/com.unity.render-pipelines.core/ShaderLibrary/Packing.hlsl(128): conversion from larger type to smaller, possible loss of data
  error: 1 plat 14 at Packages/com.unity.render-pipelines.core/ShaderLibrary/Packing.hlsl(129): conversion from larger type to smaller, possible loss of data
  error: 1 plat 14 at Packages/com.unity.render-pipelines.core/ShaderLibrary/Packing.hlsl(130): conversion from larger type to smaller, possible loss of data
  error: 1 plat 14 at Packages/com.unity.render-pipelines.core/ShaderLibrary/Packing.hlsl(150): conversion from larger type to smaller, possible loss of data
  error: 1 plat 14 at Packages/com.unity.render-pipelines.core/ShaderLibrary/Packing.hlsl(336): conversion from larger type to smaller, possible loss of data
  error: 1 plat 14 at Packages/com.unity.render-pipelines.core/ShaderLibrary/Packing.hlsl(343): conversion from larger type to smaller, possible loss of data
  error: 1 plat 14 at Packages/com.unity.render-pipelines.core/ShaderLibrary/Packing.hlsl(478): conversion from larger type to smaller, possible loss of data
  error: 1 plat 14 at Packages/com.unity.render-pipelines.core/ShaderLibrary/SpaceTransforms.hlsl(176): conversion from larger type to smaller, possible loss of data
  error: 1 plat 14 at Packages/com.unity.render-pipelines.core/ShaderLibrary/SpaceTransforms.hlsl(183): 'TransformWorldToTangent': conversion from larger type to smaller, possible loss of data
  error: 1 plat 14 at Packages/com.unity.render-pipelines.universal/ShaderLibrary/Core.hlsl(79): conversion from larger type to smaller, possible loss of data
  error: 1 plat 14 at Packages/com.unity.render-pipelines.universal/ShaderLibrary/Core.hlsl(81): 'TransformObjectToWorldDir': conversion from larger type to smaller, possible loss of data
  error: 1 plat 14 at Packages/com.unity.render-pipelines.universal/ShaderLibrary/Core.hlsl(82): conversion from larger type to smaller, possible loss of data
  error: 1 plat 14 at Packages/com.unity.render-pipelines.universal/ShaderLibrary/Core.hlsl(113): conversion from larger type to smaller, possible loss of data
  error: 1 plat 14 at Packages/com.unity.render-pipelines.universal/ShaderLibrary/Core.hlsl(171): conversion from larger type to smaller, possible loss of data
  error: 1 plat 14 at Packages/com.unity.render-pipelines.universal/ShaderLibrary/Core.hlsl(177): conversion from larger type to smaller, possible loss of data
  api=14 insize=7216 outsize=3200 ok=1
Cmd: translateComputeKernel
  api=14 insize=3200 outsize=4708 ok=1
Cmd: compileComputeKernel
  error: 1 plat 14 at Packages/com.unity.render-pipelines.core/ShaderLibrary/Common.hlsl(1028): conversion from larger type to smaller, possible loss of data
  error: 1 plat 14 at Packages/com.unity.render-pipelines.core/ShaderLibrary/Packing.hlsl(127): conversion from larger type to smaller, possible loss of data
  error: 1 plat 14 at Packages/com.unity.render-pipelines.core/ShaderLibrary/Packing.hlsl(128): conversion from larger type to smaller, possible loss of data
  error: 1 plat 14 at Packages/com.unity.render-pipelines.core/ShaderLibrary/Packing.hlsl(129): conversion from larger type to smaller, possible loss of data
  error: 1 plat 14 at Packages/com.unity.render-pipelines.core/ShaderLibrary/Packing.hlsl(130): conversion from larger type to smaller, possible loss of data
  error: 1 plat 14 at Packages/com.unity.render-pipelines.core/ShaderLibrary/Packing.hlsl(150): conversion from larger type to smaller, possible loss of data
  error: 1 plat 14 at Packages/com.unity.render-pipelines.core/ShaderLibrary/Packing.hlsl(336): conversion from larger type to smaller, possible loss of data
  error: 1 plat 14 at Packages/com.unity.render-pipelines.core/ShaderLibrary/Packing.hlsl(343): conversion from larger type to smaller, possible loss of data
  error: 1 plat 14 at Packages/com.unity.render-pipelines.core/ShaderLibrary/Packing.hlsl(478): conversion from larger type to smaller, possible loss of data
  error: 1 plat 14 at Packages/com.unity.render-pipelines.core/ShaderLibrary/SpaceTransforms.hlsl(176): conversion from larger type to smaller, possible loss of data
  error: 1 plat 14 at Packages/com.unity.render-pipelines.core/ShaderLibrary/SpaceTransforms.hlsl(183): 'TransformWorldToTangent': conversion from larger type to smaller, possible loss of data
  error: 1 plat 14 at Packages/com.unity.render-pipelines.universal/ShaderLibrary/Core.hlsl(79): conversion from larger type to smaller, possible loss of data
  error: 1 plat 14 at Packages/com.unity.render-pipelines.universal/ShaderLibrary/Core.hlsl(81): 'TransformObjectToWorldDir': conversion from larger type to smaller, possible loss of data
  error: 1 plat 14 at Packages/com.unity.render-pipelines.universal/ShaderLibrary/Core.hlsl(82): conversion from larger type to smaller, possible loss of data
  error: 1 plat 14 at Packages/com.unity.render-pipelines.universal/ShaderLibrary/Core.hlsl(113): conversion from larger type to smaller, possible loss of data
  error: 1 plat 14 at Packages/com.unity.render-pipelines.universal/ShaderLibrary/Core.hlsl(171): conversion from larger type to smaller, possible loss of data
  error: 1 plat 14 at Packages/com.unity.render-pipelines.universal/ShaderLibrary/Core.hlsl(177): conversion from larger type to smaller, possible loss of data
  api=14 insize=7489 outsize=4046 ok=1
Cmd: translateComputeKernel
  api=14 insize=4046 outsize=7453 ok=1
Cmd: compileComputeKernel
  error: 1 plat 14 at Packages/com.unity.render-pipelines.core/ShaderLibrary/Common.hlsl(1028): conversion from larger type to smaller, possible loss of data
  error: 1 plat 14 at Packages/com.unity.render-pipelines.core/ShaderLibrary/Packing.hlsl(127): conversion from larger type to smaller, possible loss of data
  error: 1 plat 14 at Packages/com.unity.render-pipelines.core/ShaderLibrary/Packing.hlsl(128): conversion from larger type to smaller, possible loss of data
  error: 1 plat 14 at Packages/com.unity.render-pipelines.core/ShaderLibrary/Packing.hlsl(129): conversion from larger type to smaller, possible loss of data
  error: 1 plat 14 at Packages/com.unity.render-pipelines.core/ShaderLibrary/Packing.hlsl(130): conversion from larger type to smaller, possible loss of data
  error: 1 plat 14 at Packages/com.unity.render-pipelines.core/ShaderLibrary/Packing.hlsl(150): conversion from larger type to smaller, possible loss of data
  error: 1 plat 14 at Packages/com.unity.render-pipelines.core/ShaderLibrary/Packing.hlsl(336): conversion from larger type to smaller, possible loss of data
  error: 1 plat 14 at Packages/com.unity.render-pipelines.core/ShaderLibrary/Packing.hlsl(343): conversion from larger type to smaller, possible loss of data
  error: 1 plat 14 at Packages/com.unity.render-pipelines.core/ShaderLibrary/Packing.hlsl(478): conversion from larger type to smaller, possible loss of data
  error: 1 plat 14 at Packages/com.unity.render-pipelines.core/ShaderLibrary/SpaceTransforms.hlsl(176): conversion from larger type to smaller, possible loss of data
  error: 1 plat 14 at Packages/com.unity.render-pipelines.core/ShaderLibrary/SpaceTransforms.hlsl(183): 'TransformWorldToTangent': conversion from larger type to smaller, possible loss of data
  error: 1 plat 14 at Packages/com.unity.render-pipelines.universal/ShaderLibrary/Core.hlsl(79): conversion from larger type to smaller, possible loss of data
  error: 1 plat 14 at Packages/com.unity.render-pipelines.universal/ShaderLibrary/Core.hlsl(81): 'TransformObjectToWorldDir': conversion from larger type to smaller, possible loss of data
  error: 1 plat 14 at Packages/com.unity.render-pipelines.universal/ShaderLibrary/Core.hlsl(82): conversion from larger type to smaller, possible loss of data
  error: 1 plat 14 at Packages/com.unity.render-pipelines.universal/ShaderLibrary/Core.hlsl(113): conversion from larger type to smaller, possible loss of data
  error: 1 plat 14 at Packages/com.unity.render-pipelines.universal/ShaderLibrary/Core.hlsl(171): conversion from larger type to smaller, possible loss of data
  error: 1 plat 14 at Packages/com.unity.render-pipelines.universal/ShaderLibrary/Core.hlsl(177): conversion from larger type to smaller, possible loss of data
  api=14 insize=6631 outsize=2924 ok=1
Cmd: translateComputeKernel
  api=14 insize=2924 outsize=4920 ok=1
Cmd: compileComputeKernel
  api=4 insize=7745 outsize=1863 ok=1
Cmd: compileComputeKernel
  error: 1 plat 4 at Fireworks1.vfx(159): 'i': loop control variable conflicts with a previous declaration in the outer scope; most recent declaration will be used
  error: 1 plat 4 at Fireworks1.vfx(177): 'i': loop control variable conflicts with a previous declaration in the outer scope; most recent declaration will be used
  api=4 insize=8009 outsize=2021 ok=1
Cmd: compileComputeKernel
  api=4 insize=7119 outsize=2509 ok=1
Cmd: compileComputeKernel
  error: 1 plat 14 at Packages/com.unity.render-pipelines.core/ShaderLibrary/Common.hlsl(1028): conversion from larger type to smaller, possible loss of data
  error: 1 plat 14 at Packages/com.unity.render-pipelines.core/ShaderLibrary/Packing.hlsl(127): conversion from larger type to smaller, possible loss of data
  error: 1 plat 14 at Packages/com.unity.render-pipelines.core/ShaderLibrary/Packing.hlsl(128): conversion from larger type to smaller, possible loss of data
  error: 1 plat 14 at Packages/com.unity.render-pipelines.core/ShaderLibrary/Packing.hlsl(129): conversion from larger type to smaller, possible loss of data
  error: 1 plat 14 at Packages/com.unity.render-pipelines.core/ShaderLibrary/Packing.hlsl(130): conversion from larger type to smaller, possible loss of data
  error: 1 plat 14 at Packages/com.unity.render-pipelines.core/ShaderLibrary/Packing.hlsl(150): conversion from larger type to smaller, possible loss of data
  error: 1 plat 14 at Packages/com.unity.render-pipelines.core/ShaderLibrary/Packing.hlsl(336): conversion from larger type to smaller, possible loss of data
  error: 1 plat 14 at Packages/com.unity.render-pipelines.core/ShaderLibrary/Packing.hlsl(343): conversion from larger type to smaller, possible loss of data
  error: 1 plat 14 at Packages/com.unity.render-pipelines.core/ShaderLibrary/Packing.hlsl(478): conversion from larger type to smaller, possible loss of data
  error: 1 plat 14 at Packages/com.unity.render-pipelines.core/ShaderLibrary/SpaceTransforms.hlsl(176): conversion from larger type to smaller, possible loss of data
  error: 1 plat 14 at Packages/com.unity.render-pipelines.core/ShaderLibrary/SpaceTransforms.hlsl(183): 'TransformWorldToTangent': conversion from larger type to smaller, possible loss of data
  error: 1 plat 14 at Packages/com.unity.render-pipelines.universal/ShaderLibrary/Core.hlsl(79): conversion from larger type to smaller, possible loss of data
  error: 1 plat 14 at Packages/com.unity.render-pipelines.universal/ShaderLibrary/Core.hlsl(81): 'TransformObjectToWorldDir': conversion from larger type to smaller, possible loss of data
  error: 1 plat 14 at Packages/com.unity.render-pipelines.universal/ShaderLibrary/Core.hlsl(82): conversion from larger type to smaller, possible loss of data
  error: 1 plat 14 at Packages/com.unity.render-pipelines.universal/ShaderLibrary/Core.hlsl(113): conversion from larger type to smaller, possible loss of data
  error: 1 plat 14 at Packages/com.unity.render-pipelines.universal/ShaderLibrary/Core.hlsl(171): conversion from larger type to smaller, possible loss of data
  error: 1 plat 14 at Packages/com.unity.render-pipelines.universal/ShaderLibrary/Core.hlsl(177): conversion from larger type to smaller, possible loss of data
  api=14 insize=7267 outsize=4230 ok=1
Cmd: translateComputeKernel
  api=14 insize=4230 outsize=6590 ok=1
Cmd: compileSnippet
  error: 1 plat 4 at (461): implicit truncation of vector type\nCompiling Vertex program with _ADDITIONAL_LIGHTS_VERTEX
Platform defines: UNITY_NO_DXT5nm UNITY_ENABLE_REFLECTION_BUFFERS UNITY_NO_SCREENSPACE_SHADOWS UNITY_PBS_USE_BRDF2 SHADER_API_DESKTOP UNITY_COLORSPACE_GAMMA UNITY_LIGHTMAP_DLDR_ENCODING
  api=4 type=0 insize=22780 outsize=3282 kw=_ADDITIONAL_LIGHTS_VERTEX pd=UNITY_NO_DXT5nm UNITY_ENABLE_REFLECTION_BUFFERS UNITY_NO_SCREENSPACE_SHADOWS UNITY_PBS_USE_BRDF2 SHADER_API_DESKTOP UNITY_COLORSPACE_GAMMA UNITY_LIGHTMAP_DLDR_ENCODING ok=1
Cmd: compileSnippet
  api=4 type=1 insize=18394 outsize=346 kw= pd=UNITY_NO_DXT5nm UNITY_ENABLE_REFLECTION_BUFFERS UNITY_NO_SCREENSPACE_SHADOWS UNITY_PBS_USE_BRDF2 SHADER_API_DESKTOP UNITY_COLORSPACE_GAMMA UNITY_LIGHTMAP_DLDR_ENCODING ok=1
Cmd: compileSnippet
  api=4 type=0 insize=18430 outsize=2494 kw= pd=UNITY_NO_DXT5nm UNITY_ENABLE_REFLECTION_BUFFERS UNITY_NO_SCREENSPACE_SHADOWS UNITY_PBS_USE_BRDF2 SHADER_API_DESKTOP UNITY_COLORSPACE_GAMMA UNITY_LIGHTMAP_DLDR_ENCODING ok=1
Cmd: compileSnippet
  error: 1 plat 4 at (409): implicit truncation of vector type\nCompiling Vertex program
Platform defines: UNITY_NO_DXT5nm UNITY_ENABLE_REFLECTION_BUFFERS UNITY_NO_SCREENSPACE_SHADOWS UNITY_PBS_USE_BRDF2 SHADER_API_DESKTOP UNITY_COLORSPACE_GAMMA UNITY_LIGHTMAP_DLDR_ENCODING
  api=4 type=0 insize=11078 outsize=3126 kw= pd=UNITY_NO_DXT5nm UNITY_ENABLE_REFLECTION_BUFFERS UNITY_NO_SCREENSPACE_SHADOWS UNITY_PBS_USE_BRDF2 SHADER_API_DESKTOP UNITY_COLORSPACE_GAMMA UNITY_LIGHTMAP_DLDR_ENCODING ok=1
Cmd: compileComputeKernel
  api=4 insize=8329 outsize=3217 ok=1
Cmd: compileComputeKernel
  api=4 insize=11167 outsize=9024 ok=1
Cmd: compileComputeKernel
  api=4 insize=10620 outsize=7455 ok=1

Quitting shader compiler process
